2023-Apr-07 16:15:18 Наличие необходимых модулей php (check_php_modules): Ok
Все необходимые модули установлены
2023-Apr-07 16:15:18 Обязательные параметры PHP (check_php_settings): Ok
Настройки правильные
2023-Apr-07 16:15:18 Модули веб-сервера (check_security): Ok
Конфликтов не выявлено
2023-Apr-07 16:15:18 Значения переменных сервера (check_server_vars): Ok
Корректные
2023-Apr-07 16:15:18 Сохранение сессии (check_session): Ok
50% done
2023-Apr-07 16:15:19 Сохранение сессии (check_session): Ok
Успешно
2023-Apr-07 16:15:19 Параметры настройки UTF (mbstring и константа BX_UTF) (check_mbstring): Ok
Правильные. Сайт работает в UTF кодировке
2023-Apr-07 16:15:19 Служебные скрипты в корне сайта (check_install_scripts): Ok
Отсутствуют
2023-Apr-07 16:15:19 Работа с сокетами (check_socket): Ok
Connection to ssl://zoosat.ru:443	Success

Успешно
2023-Apr-07 16:15:19 Выполнение агентов на cron (check_bx_crontab): Ok
Успешно
2023-Apr-07 16:15:19 Параметры подключения к базе данных (check_dbconn_settings): Ok
Успешно
2023-Apr-07 16:15:19 Лишний вывод в файлах конфигурации (check_dbconn): Ok
Connection to ssl://zoosat.ru:443	Success

Успешно
2023-Apr-07 16:15:19 Сохранение сессии без UserAgent (check_session_ua): Ok
50% done
Connection to ssl://zoosat.ru:443	Success

2023-Apr-07 16:15:20 Сохранение сессии без UserAgent (check_session_ua): Ok
Connection to ssl://zoosat.ru:443	Success

Успешно
2023-Apr-07 16:15:20 Настройки сайтов (check_sites): Ok
Правильные
2023-Apr-07 16:15:20 Передача объектов по ссылке (check_clone): Ok
Успешно
2023-Apr-07 16:15:20 Размер стека и pcre.recursion_limit (check_pcre_recursion): Ok
Connection to ssl://zoosat.ru:443	Success

Успешно
2023-Apr-07 16:15:20 Загрузка файла (check_upload): Ok
Connection to ssl://zoosat.ru:443	Success

Успешно
2023-Apr-07 16:15:20 Загрузка файла больше 4Мб (check_upload_big): Ok
Connection to ssl://zoosat.ru:443	Success

Успешно
2023-Apr-07 16:15:21 Загрузка файла через php://input (check_upload_raw): Ok
Connection to ssl://zoosat.ru:443	Success

Успешно
2023-Apr-07 16:15:21 Передача POST запроса с большим числом параметров (check_post): Ok
Connection to ssl://zoosat.ru:443	Success

Успешно
2023-Apr-07 16:15:21 Отправка почты (check_mail): Ok
Успешно
2023-Apr-07 16:15:21 Отправка почтового сообщения больше 64Кб (check_mail_big): Ok
Успешно
2023-Apr-07 16:15:21 Проверка на наличие неотправленных сообщений (check_mail_b_event): Ok
Успешно
2023-Apr-07 16:15:22 Внутреннее перенаправление (функция LocalRedirect) (check_localredirect): Ok
50% done
Connection to ssl://zoosat.ru:443	Success

2023-Apr-07 16:15:22 Внутреннее перенаправление (функция LocalRedirect) (check_localredirect): Ok
Connection to ssl://zoosat.ru:443	Success

Успешно
2023-Apr-07 16:15:22 Фактическое ограничение памяти (check_memory_limit): Ok
20% done
Connection to ssl://zoosat.ru:443	Success

2023-Apr-07 16:15:22 Фактическое ограничение памяти (check_memory_limit): Ok
40% done
Connection to ssl://zoosat.ru:443	Success

2023-Apr-07 16:15:23 Фактическое ограничение памяти (check_memory_limit): Ok
60% done
Connection to ssl://zoosat.ru:443	Success

2023-Apr-07 16:15:23 Фактическое ограничение памяти (check_memory_limit): Ok
80% done
Connection to ssl://zoosat.ru:443	Success

2023-Apr-07 16:15:23 Фактическое ограничение памяти (check_memory_limit): Ok
Connection to ssl://zoosat.ru:443	Success

Не менее 256 М
2023-Apr-07 16:15:24 Работа с файлами кеша (check_cache): Ok
Успешно
2023-Apr-07 16:15:24 Доступ к серверу обновлений (check_update): Ok
Успешно
2023-Apr-07 16:15:24 HTTP авторизация (check_http_auth): Ok
Connection to ssl://zoosat.ru:443	Success

Успешно
2023-Apr-07 16:15:24 Создание и запуск файла (check_exec): Ok
Connection to ssl://zoosat.ru:443	Success

Успешно
2023-Apr-07 16:15:24 Функция getimagesize для swf (check_getimagesize): Ok
Успешно
2023-Apr-07 16:15:24 Версия MySQL-сервера (check_mysql_bug_version): Ok
Успешно
2023-Apr-07 16:15:26 Время на БД и веб-сервере (check_mysql_time): Ok
Успешно
2023-Apr-07 16:15:26 Режим работы MySQL (check_mysql_mode): Ok
Успешно
2023-Apr-07 16:15:26 Кодировка соединения (check_mysql_connection_charset): Ok
character_set_connection=utf8, collation_connection=utf8_unicode_ci, character_set_results=utf8
Успешно
2023-Apr-07 16:15:26 Кодировка базы данных (check_mysql_db_charset): Ok
CHARSET=utf8, COLLATION=utf8_unicode_ci
Успешно
2023-Apr-07 16:15:26 Кодировки таблиц в БД (check_mysql_table_charset): Ok
Успешно
2023-Apr-07 16:15:27 Структура базы данных (check_mysql_table_structure): Ok
0% done
2023-Apr-07 16:15:27 Структура базы данных (check_mysql_table_structure): Ok
2% done
2023-Apr-07 16:15:28 Структура базы данных (check_mysql_table_structure): Ok
5% done
2023-Apr-07 16:15:28 Структура базы данных (check_mysql_table_structure): Ok
8% done
2023-Apr-07 16:15:29 Структура базы данных (check_mysql_table_structure): Ok
11% done
2023-Apr-07 16:15:30 Структура базы данных (check_mysql_table_structure): Ok
14% done
2023-Apr-07 16:15:31 Структура базы данных (check_mysql_table_structure): Ok
17% done
2023-Apr-07 16:15:32 Структура базы данных (check_mysql_table_structure): Ok
20% done
2023-Apr-07 16:15:32 Структура базы данных (check_mysql_table_structure): Ok
22% done
2023-Apr-07 16:15:34 Структура базы данных (check_mysql_table_structure): Ok
25% done
2023-Apr-07 16:15:34 Структура базы данных (check_mysql_table_structure): Ok
28% done
2023-Apr-07 16:15:35 Структура базы данных (check_mysql_table_structure): Ok
31% done
2023-Apr-07 16:15:35 Структура базы данных (check_mysql_table_structure): Ok
34% done
2023-Apr-07 16:15:36 Структура базы данных (check_mysql_table_structure): Ok
37% done
2023-Apr-07 16:15:36 Структура базы данных (check_mysql_table_structure): Ok
40% done
2023-Apr-07 16:15:36 Структура базы данных (check_mysql_table_structure): Ok
42% done
2023-Apr-07 16:15:37 Структура базы данных (check_mysql_table_structure): Ok
45% done
2023-Apr-07 16:15:37 Структура базы данных (check_mysql_table_structure): Ok
48% done
2023-Apr-07 16:15:37 Структура базы данных (check_mysql_table_structure): Ok
51% done
2023-Apr-07 16:15:37 Структура базы данных (check_mysql_table_structure): Ok
54% done
2023-Apr-07 16:15:43 Структура базы данных (check_mysql_table_structure): Ok
57% done
2023-Apr-07 16:15:44 Структура базы данных (check_mysql_table_structure): Ok
60% done
2023-Apr-07 16:15:44 Структура базы данных (check_mysql_table_structure): Ok
62% done
2023-Apr-07 16:15:44 Структура базы данных (check_mysql_table_structure): Ok
65% done
2023-Apr-07 16:15:44 Структура базы данных (check_mysql_table_structure): Ok
68% done
2023-Apr-07 16:15:45 Структура базы данных (check_mysql_table_structure): Ok
71% done
2023-Apr-07 16:15:45 Структура базы данных (check_mysql_table_structure): Ok
74% done
2023-Apr-07 16:15:45 Структура базы данных (check_mysql_table_structure): Ok
77% done
2023-Apr-07 16:15:45 Структура базы данных (check_mysql_table_structure): Ok
80% done
2023-Apr-07 16:15:45 Структура базы данных (check_mysql_table_structure): Ok
82% done
2023-Apr-07 16:15:50 Структура базы данных (check_mysql_table_structure): Ok
85% done
2023-Apr-07 16:15:51 Структура базы данных (check_mysql_table_structure): Ok
88% done
2023-Apr-07 16:15:53 Структура базы данных (check_mysql_table_structure): Ok
91% done
2023-Apr-07 16:15:53 Структура базы данных (check_mysql_table_structure): Ok
94% done
2023-Apr-07 16:15:54 Структура базы данных (check_mysql_table_structure): Ok
97% done
2023-Apr-07 16:15:54 Структура базы данных (check_mysql_table_structure): Ok
Успешно
