array (
  'LOGIN' => 'kayrka12@mail.ru',
  'EMAIL' => 'kayrka12@mail.ru',
  'PASSWORD' => 'Rfnz347823',
  'CONFIRM_PASSWORD' => 'Rfnz347823',
  'LAST_NAME' => 'Калинина',
  'NAME' => 'Екатерина',
  'SECOND_NAME' => 'Юрьевна',
  'PERSONAL_PHONE' => '+7 (913) 171-12-34',
  'GROUP_ID' => 
  array (
    0 => '5',
  ),
  'CHECKWORD' => '0b26c37d06469ba3ae04df3ca3c49d91',
  '~CHECKWORD_TIME' => 'now()',
  'ACTIVE' => 'Y',
  'CONFIRM_CODE' => '',
  'LID' => 's1',
  'LANGUAGE_ID' => 'ru',
  'USER_IP' => '188.235.248.20',
  'USER_HOST' => 'net248.235.188-20.ertelecom.ru',
  'AUTO_TIME_ZONE' => '',
  'USER_ID' => 1425,
)array (
  'LOGIN' => 'anastasiasnaf@gmail.com',
  'EMAIL' => 'anastasiasnaf@gmail.com',
  'PASSWORD' => 'qTCG5bsN5GUmUxF',
  'CONFIRM_PASSWORD' => 'qTCG5bsN5GUmUxF',
  'LAST_NAME' => 'Фильчакова',
  'NAME' => 'Анастасия',
  'SECOND_NAME' => 'Николаевна',
  'PERSONAL_PHONE' => '+7 (999) 455-47-80',
  'GROUP_ID' => 
  array (
    0 => '5',
  ),
  'CHECKWORD' => '1632cd303392264a326abe86bd730e9b',
  '~CHECKWORD_TIME' => 'now()',
  'ACTIVE' => 'Y',
  'CONFIRM_CODE' => '',
  'LID' => 's1',
  'LANGUAGE_ID' => 'ru',
  'USER_IP' => '188.162.86.19',
  'USER_HOST' => 'client.yota.ru',
  'AUTO_TIME_ZONE' => '',
  'USER_ID' => 1430,
)array (
  'LOGIN' => 'awakening1985@gmail.com',
  'EMAIL' => 'awakening1985@gmail.com',
  'PASSWORD' => 'f7eybKjTK47ZgAB',
  'CONFIRM_PASSWORD' => 'f7eybKjTK47ZgAB',
  'LAST_NAME' => 'Ершов',
  'NAME' => 'Антон',
  'SECOND_NAME' => 'Витальевич',
  'PERSONAL_PHONE' => '+7 (928) 192-17-25',
  'GROUP_ID' => 
  array (
    0 => '5',
  ),
  'CHECKWORD' => '8dadf98470098af2da8f05aef7f6ca69',
  '~CHECKWORD_TIME' => 'now()',
  'ACTIVE' => 'Y',
  'CONFIRM_CODE' => '',
  'LID' => 's1',
  'LANGUAGE_ID' => 'ru',
  'USER_IP' => '5.138.101.173',
  'USER_HOST' => 'host-5-138-101-173.stavropol.ru',
  'AUTO_TIME_ZONE' => '',
  'USER_ID' => 1439,
)array (
  'LOGIN' => 'Grehovatv@yandex.ru',
  'EMAIL' => 'Grehovatv@yandex.ru',
  'PASSWORD' => '321098',
  'CONFIRM_PASSWORD' => '321098',
  'LAST_NAME' => 'Грехова',
  'NAME' => 'Татьяна',
  'SECOND_NAME' => 'Викторовна',
  'PERSONAL_PHONE' => '+7 (913) 930-21-66',
  'GROUP_ID' => 
  array (
    0 => '5',
  ),
  'CHECKWORD' => '2444e7d3965055999775f048bfe6ba85',
  '~CHECKWORD_TIME' => 'now()',
  'ACTIVE' => 'Y',
  'CONFIRM_CODE' => '',
  'LID' => 's1',
  'LANGUAGE_ID' => 'ru',
  'USER_IP' => '93.91.162.172',
  'USER_HOST' => 'host-93-91-162-172.avantel.ru',
  'AUTO_TIME_ZONE' => '',
  'USER_ID' => 1440,
)array (
  'LOGIN' => 'yanasa67@gmail.com',
  'EMAIL' => 'yanasa67@gmail.com',
  'PASSWORD' => 'Yarik_2010',
  'CONFIRM_PASSWORD' => 'Yarik_2010',
  'LAST_NAME' => 'Яна',
  'NAME' => '',
  'SECOND_NAME' => '',
  'PERSONAL_PHONE' => '+7 (985) 383-52-64',
  'GROUP_ID' => 
  array (
    0 => '5',
  ),
  'CHECKWORD' => '6081683d6539c4737bba6575967afd41',
  '~CHECKWORD_TIME' => 'now()',
  'ACTIVE' => 'Y',
  'CONFIRM_CODE' => '',
  'LID' => 's1',
  'LANGUAGE_ID' => 'ru',
  'USER_IP' => '185.201.53.228',
  'USER_HOST' => '185.201.53.228',
  'AUTO_TIME_ZONE' => '',
  'USER_ID' => 1442,
)array (
  'LOGIN' => 'for-ads85@mail.ru',
  'EMAIL' => 'for-ads85@mail.ru',
  'PASSWORD' => 'astonmartin91166001',
  'CONFIRM_PASSWORD' => 'astonmartin91166001',
  'LAST_NAME' => 'MartinElena',
  'NAME' => '',
  'SECOND_NAME' => '',
  'PERSONAL_PHONE' => '+7 (913) 903-97-03',
  'GROUP_ID' => 
  array (
    0 => '5',
  ),
  'CHECKWORD' => 'b1e1ce13c658916b8ac51ed18aadf531',
  '~CHECKWORD_TIME' => 'now()',
  'ACTIVE' => 'Y',
  'CONFIRM_CODE' => '',
  'LID' => 's1',
  'LANGUAGE_ID' => 'ru',
  'USER_IP' => '37.192.23.75',
  'USER_HOST' => 'l37-192-23-75.novotelecom.ru',
  'AUTO_TIME_ZONE' => '',
  'USER_ID' => 1446,
)array (
  'LOGIN' => 'kladoff1@bk.ru',
  'EMAIL' => 'kladoff1@bk.ru',
  'PASSWORD' => '20лдваа01',
  'CONFIRM_PASSWORD' => '20лдваа01',
  'LAST_NAME' => 'Кладов',
  'NAME' => 'Антон',
  'SECOND_NAME' => 'Павлович',
  'PERSONAL_PHONE' => '+7 (913) 377-78-04',
  'GROUP_ID' => 
  array (
    0 => '5',
  ),
  'CHECKWORD' => 'ef22260b106e71d0b15ad20038464414',
  '~CHECKWORD_TIME' => 'now()',
  'ACTIVE' => 'Y',
  'CONFIRM_CODE' => '',
  'LID' => 's1',
  'LANGUAGE_ID' => 'ru',
  'USER_IP' => '212.15.63.4',
  'USER_HOST' => 'host-63-4.nir-telecom.ru',
  'AUTO_TIME_ZONE' => '',
  'USER_ID' => 1448,
)array (
  'LOGIN' => 'ira1310@ya.ru',
  'EMAIL' => 'ira1310@ya.ru',
  'PASSWORD' => '9139411708q',
  'CONFIRM_PASSWORD' => '9139411708q',
  'LAST_NAME' => 'Ирина',
  'NAME' => 'Машукова',
  'SECOND_NAME' => '',
  'PERSONAL_PHONE' => '+7 (952) 935-75-55',
  'GROUP_ID' => 
  array (
    0 => '5',
  ),
  'CHECKWORD' => '4ff4456ba8df7d5da7c8d6d176387471',
  '~CHECKWORD_TIME' => 'now()',
  'ACTIVE' => 'Y',
  'CONFIRM_CODE' => '',
  'LID' => 's1',
  'LANGUAGE_ID' => 'ru',
  'USER_IP' => '188.162.15.86',
  'USER_HOST' => 'client.yota.ru',
  'AUTO_TIME_ZONE' => '',
  'USER_ID' => 1451,
)array (
  'LOGIN' => 'mona-il@mail.ru',
  'EMAIL' => 'mona-il@mail.ru',
  'PASSWORD' => '123AsQ4M',
  'CONFIRM_PASSWORD' => '123AsQ4M',
  'LAST_NAME' => 'Ильина',
  'NAME' => 'Юлия',
  'SECOND_NAME' => 'Юрьевна',
  'PERSONAL_PHONE' => '+7 (913) 941-35-55',
  'GROUP_ID' => 
  array (
    0 => '5',
  ),
  'CHECKWORD' => '4cddd94ecbca97c08d376498a0e577d6',
  '~CHECKWORD_TIME' => 'now()',
  'ACTIVE' => 'Y',
  'CONFIRM_CODE' => '',
  'LID' => 's1',
  'LANGUAGE_ID' => 'ru',
  'USER_IP' => '89.113.143.14',
  'USER_HOST' => '89.113.143.14',
  'AUTO_TIME_ZONE' => '',
  'USER_ID' => 1453,
)array (
  'LOGIN' => 'dyatlova-anastasiya@mail.ru',
  'EMAIL' => 'dyatlova-anastasiya@mail.ru',
  'PASSWORD' => 'qazwsxedcwsxzxc',
  'CONFIRM_PASSWORD' => 'qazwsxedcwsxzxc',
  'LAST_NAME' => 'Дятлова',
  'NAME' => 'Анастасия',
  'SECOND_NAME' => 'Игоревна',
  'PERSONAL_PHONE' => '+7 (913) 390-62-03',
  'GROUP_ID' => 
  array (
    0 => '5',
  ),
  'CHECKWORD' => '8c1a960d01a1ba6c8f40c85aee729b22',
  '~CHECKWORD_TIME' => 'now()',
  'ACTIVE' => 'Y',
  'CONFIRM_CODE' => '',
  'LID' => 's1',
  'LANGUAGE_ID' => 'ru',
  'USER_IP' => '80.69.180.162',
  'USER_HOST' => '80.69.180.162',
  'AUTO_TIME_ZONE' => '',
  'USER_ID' => 1456,
)array (
  'LOGIN' => 'meg74@bk.ru',
  'EMAIL' => 'meg74@bk.ru',
  'PASSWORD' => 'elena1974',
  'CONFIRM_PASSWORD' => 'elena1974',
  'LAST_NAME' => 'Малуш',
  'NAME' => 'Елена',
  'SECOND_NAME' => 'Геннадьевна',
  'PERSONAL_PHONE' => '+7 (908) 658-85-25',
  'GROUP_ID' => 
  array (
    0 => '5',
  ),
  'CHECKWORD' => '554ed6ccee269672c4f32e992f993547',
  '~CHECKWORD_TIME' => 'now()',
  'ACTIVE' => 'Y',
  'CONFIRM_CODE' => '',
  'LID' => 's1',
  'LANGUAGE_ID' => 'ru',
  'USER_IP' => '5.128.87.109',
  'USER_HOST' => 'l5-128-87-109.novotelecom.ru',
  'AUTO_TIME_ZONE' => '',
  'USER_ID' => 1457,
)